<?xml version="1.0" encoding="UTF-8"?>
<coverage generated="1761044819418" clover="3.2.0">
  <project timestamp="1761044819418" name="All files">
    <metrics statements="164" coveredstatements="84" conditionals="139" coveredconditionals="84" methods="46" coveredmethods="20" elements="349" coveredelements="188" complexity="0" loc="164" ncloc="164" packages="4" files="9" classes="9"/>
    <package name="src">
      <metrics statements="35" coveredstatements="0" conditionals="16" coveredconditionals="0" methods="13" coveredmethods="0"/>
      <file name="App.jsx" path="C:\Users\alish\OneDrive\Desktop\10Pearls\sheryar-mern-10pshine\frontend\src\App.jsx">
        <metrics statements="35" coveredstatements="0" conditionals="16" coveredconditionals="0" methods="13" coveredmethods="0"/>
        <line num="9" count="0" type="stmt"/>
        <line num="10" count="0" type="stmt"/>
        <line num="11" count="0" type="cond" truecount="0" falsecount="2"/>
        <line num="13" count="0" type="cond" truecount="0" falsecount="2"/>
        <line num="14" count="0" type="stmt"/>
        <line num="16" count="0" type="stmt"/>
        <line num="17" count="0" type="stmt"/>
        <line num="18" count="0" type="stmt"/>
        <line num="21" count="0" type="stmt"/>
        <line num="22" count="0" type="cond" truecount="0" falsecount="2"/>
        <line num="23" count="0" type="stmt"/>
        <line num="25" count="0" type="stmt"/>
        <line num="29" count="0" type="stmt"/>
        <line num="30" count="0" type="stmt"/>
        <line num="31" count="0" type="stmt"/>
        <line num="34" count="0" type="stmt"/>
        <line num="35" count="0" type="stmt"/>
        <line num="36" count="0" type="stmt"/>
        <line num="37" count="0" type="stmt"/>
        <line num="40" count="0" type="stmt"/>
        <line num="41" count="0" type="stmt"/>
        <line num="42" count="0" type="stmt"/>
        <line num="45" count="0" type="stmt"/>
        <line num="46" count="0" type="stmt"/>
        <line num="47" count="0" type="stmt"/>
        <line num="50" count="0" type="stmt"/>
        <line num="51" count="0" type="stmt"/>
        <line num="52" count="0" type="stmt"/>
        <line num="56" count="0" type="stmt"/>
        <line num="57" count="0" type="stmt"/>
        <line num="58" count="0" type="stmt"/>
        <line num="61" count="0" type="stmt"/>
        <line num="64" count="0" type="stmt"/>
        <line num="67" count="0" type="stmt"/>
        <line num="76" count="0" type="cond" truecount="0" falsecount="2"/>
      </file>
    </package>
    <package name="src.components">
      <metrics statements="74" coveredstatements="46" conditionals="53" coveredconditionals="37" methods="20" coveredmethods="12"/>
      <file name="Dashboard.jsx" path="C:\Users\alish\OneDrive\Desktop\10Pearls\sheryar-mern-10pshine\frontend\src\components\Dashboard.jsx">
        <metrics statements="44" coveredstatements="33" conditionals="24" coveredconditionals="18" methods="13" coveredmethods="8"/>
        <line num="6" count="1" type="stmt"/>
        <line num="7" count="105" type="stmt"/>
        <line num="8" count="105" type="stmt"/>
        <line num="9" count="105" type="stmt"/>
        <line num="10" count="105" type="stmt"/>
        <line num="11" count="105" type="stmt"/>
        <line num="13" count="105" type="stmt"/>
        <line num="14" count="13" type="stmt"/>
        <line num="17" count="105" type="stmt"/>
        <line num="18" count="56" type="cond" truecount="2" falsecount="0"/>
        <line num="19" count="25" type="stmt"/>
        <line num="21" count="31" type="stmt"/>
        <line num="22" count="62" type="cond" truecount="2" falsecount="0"/>
        <line num="25" count="31" type="stmt"/>
        <line num="29" count="105" type="stmt"/>
        <line num="30" count="13" type="stmt"/>
        <line num="31" count="13" type="stmt"/>
        <line num="34" count="11" type="stmt"/>
        <line num="35" count="11" type="stmt"/>
        <line num="37" count="1" type="stmt"/>
        <line num="38" count="1" type="stmt"/>
        <line num="40" count="12" type="stmt"/>
        <line num="44" count="105" type="stmt"/>
        <line num="45" count="0" type="stmt"/>
        <line num="46" count="0" type="cond" truecount="0" falsecount="2"/>
        <line num="48" count="0" type="stmt"/>
        <line num="49" count="0" type="stmt"/>
        <line num="52" count="0" type="stmt"/>
        <line num="54" count="0" type="stmt"/>
        <line num="55" count="0" type="stmt"/>
        <line num="59" count="105" type="stmt"/>
        <line num="60" count="150" type="stmt"/>
        <line num="61" count="150" type="stmt"/>
        <line num="68" count="105" type="cond" truecount="2" falsecount="0"/>
        <line num="69" count="26" type="stmt"/>
        <line num="79" count="79" type="cond" truecount="2" falsecount="0"/>
        <line num="80" count="1" type="stmt"/>
        <line num="89" count="78" type="stmt"/>
        <line num="144" count="32" type="stmt"/>
        <line num="174" count="150" type="stmt"/>
        <line num="177" count="0" type="stmt"/>
        <line num="185" count="0" type="stmt"/>
        <line num="186" count="0" type="stmt"/>
        <line num="194" count="0" type="stmt"/>
      </file>
      <file name="NoteEditor.jsx" path="C:\Users\alish\OneDrive\Desktop\10Pearls\sheryar-mern-10pshine\frontend\src\components\NoteEditor.jsx">
        <metrics statements="30" coveredstatements="13" conditionals="29" coveredconditionals="19" methods="7" coveredmethods="4"/>
        <line num="6" count="1" type="stmt"/>
        <line num="7" count="50" type="cond" truecount="2" falsecount="0"/>
        <line num="8" count="50" type="cond" truecount="2" falsecount="0"/>
        <line num="9" count="50" type="cond" truecount="2" falsecount="0"/>
        <line num="10" count="50" type="stmt"/>
        <line num="11" count="50" type="stmt"/>
        <line num="13" count="50" type="stmt"/>
        <line num="14" count="30" type="stmt"/>
        <line num="17" count="50" type="stmt"/>
        <line num="18" count="0" type="cond" truecount="0" falsecount="4"/>
        <line num="19" count="0" type="stmt"/>
        <line num="20" count="0" type="stmt"/>
        <line num="23" count="0" type="stmt"/>
        <line num="24" count="0" type="stmt"/>
        <line num="25" count="0" type="stmt"/>
        <line num="26" count="0" type="cond" truecount="0" falsecount="2"/>
        <line num="28" count="0" type="stmt"/>
        <line num="33" count="0" type="stmt"/>
        <line num="37" count="0" type="stmt"/>
        <line num="39" count="0" type="stmt"/>
        <line num="40" count="0" type="stmt"/>
        <line num="42" count="0" type="stmt"/>
        <line num="46" count="50" type="stmt"/>
        <line num="48" count="16" type="cond" truecount="3" falsecount="2"/>
        <line num="49" count="0" type="stmt"/>
        <line num="50" count="0" type="stmt"/>
        <line num="54" count="50" type="stmt"/>
        <line num="104" count="0" type="stmt"/>
        <line num="133" count="16" type="stmt"/>
        <line num="153" count="0" type="stmt"/>
      </file>
    </package>
    <package name="src.components.Auth">
      <metrics statements="45" coveredstatements="29" conditionals="50" coveredconditionals="34" methods="9" coveredmethods="5"/>
      <file name="AuthForm.jsx" path="C:\Users\alish\OneDrive\Desktop\10Pearls\sheryar-mern-10pshine\frontend\src\components\Auth\AuthForm.jsx">
        <metrics statements="36" coveredstatements="29" conditionals="49" coveredconditionals="34" methods="6" coveredmethods="5"/>
        <line num="8" count="1" type="cond" truecount="1" falsecount="0"/>
        <line num="9" count="94" type="stmt"/>
        <line num="17" count="94" type="stmt"/>
        <line num="19" count="94" type="stmt"/>
        <line num="20" count="79" type="stmt"/>
        <line num="21" count="79" type="stmt"/>
        <line num="25" count="79" type="cond" truecount="1" falsecount="1"/>
        <line num="26" count="0" type="stmt"/>
        <line num="33" count="94" type="stmt"/>
        <line num="34" count="3" type="stmt"/>
        <line num="36" count="3" type="cond" truecount="2" falsecount="2"/>
        <line num="37" count="0" type="stmt"/>
        <line num="40" count="3" type="cond" truecount="1" falsecount="1"/>
        <line num="41" count="0" type="stmt"/>
        <line num="42" count="3" type="cond" truecount="1" falsecount="1"/>
        <line num="43" count="0" type="stmt"/>
        <line num="46" count="3" type="cond" truecount="1" falsecount="1"/>
        <line num="47" count="0" type="stmt"/>
        <line num="48" count="3" type="cond" truecount="2" falsecount="0"/>
        <line num="49" count="1" type="stmt"/>
        <line num="52" count="3" type="cond" truecount="2" falsecount="2"/>
        <line num="53" count="0" type="stmt"/>
        <line num="56" count="3" type="stmt"/>
        <line num="57" count="3" type="stmt"/>
        <line num="60" count="94" type="stmt"/>
        <line num="61" count="3" type="stmt"/>
        <line num="62" count="3" type="cond" truecount="2" falsecount="0"/>
        <line num="63" count="2" type="stmt"/>
        <line num="64" count="2" type="cond" truecount="1" falsecount="1"/>
        <line num="65" count="2" type="cond" truecount="1" falsecount="1"/>
        <line num="66" count="2" type="stmt"/>
        <line num="67" count="1" type="cond" truecount="1" falsecount="1"/>
        <line num="68" count="1" type="stmt"/>
        <line num="70" count="0" type="cond" truecount="0" falsecount="2"/>
        <line num="73" count="1" type="cond" truecount="1" falsecount="1"/>
        <line num="78" count="94" type="stmt"/>
      </file>
      <file name="AuthPage.jsx" path="C:\Users\alish\OneDrive\Desktop\10Pearls\sheryar-mern-10pshine\frontend\src\components\Auth\AuthPage.jsx">
        <metrics statements="9" coveredstatements="0" conditionals="1" coveredconditionals="0" methods="3" coveredmethods="0"/>
        <line num="6" count="0" type="cond" truecount="0" falsecount="1"/>
        <line num="7" count="0" type="stmt"/>
        <line num="9" count="0" type="stmt"/>
        <line num="10" count="0" type="stmt"/>
        <line num="11" count="0" type="stmt"/>
        <line num="12" count="0" type="stmt"/>
        <line num="14" count="0" type="stmt"/>
        <line num="16" count="0" type="stmt"/>
        <line num="20" count="0" type="stmt"/>
      </file>
      <file name="index.js" path="C:\Users\alish\OneDrive\Desktop\10Pearls\sheryar-mern-10pshine\frontend\src\components\Auth\index.js">
        <metrics statements="0" coveredstatements="0" conditionals="0" coveredconditionals="0" methods="0" coveredmethods="0"/>
      </file>
    </package>
    <package name="src.components.UI">
      <metrics statements="10" coveredstatements="9" conditionals="20" coveredconditionals="13" methods="4" coveredmethods="3"/>
      <file name="Button.jsx" path="C:\Users\alish\OneDrive\Desktop\10Pearls\sheryar-mern-10pshine\frontend\src\components\UI\Button.jsx">
        <metrics statements="2" coveredstatements="2" conditionals="2" coveredconditionals="0" methods="1" coveredmethods="1"/>
        <line num="3" count="1" type="cond" truecount="0" falsecount="2"/>
        <line num="4" count="94" type="stmt"/>
      </file>
      <file name="Index.js" path="C:\Users\alish\OneDrive\Desktop\10Pearls\sheryar-mern-10pshine\frontend\src\components\UI\Index.js">
        <metrics statements="0" coveredstatements="0" conditionals="0" coveredconditionals="0" methods="0" coveredmethods="0"/>
      </file>
      <file name="Input.jsx" path="C:\Users\alish\OneDrive\Desktop\10Pearls\sheryar-mern-10pshine\frontend\src\components\UI\Input.jsx">
        <metrics statements="8" coveredstatements="7" conditionals="18" coveredconditionals="13" methods="3" coveredmethods="2"/>
        <line num="5" count="1" type="stmt"/>
        <line num="15" count="200" type="stmt"/>
        <line num="16" count="200" type="stmt"/>
        <line num="18" count="200" type="stmt"/>
        <line num="19" count="78" type="cond" truecount="1" falsecount="1"/>
        <line num="20" count="78" type="stmt"/>
        <line num="24" count="200" type="stmt"/>
        <line num="42" count="0" type="stmt"/>
      </file>
    </package>
  </project>
</coverage>
