{"C:\\Users\\alish\\OneDrive\\Desktop\\10Pearls\\sheryar-mern-10pshine\\frontend\\src\\App.jsx": {"path":"C:\\Users\\alish\\OneDrive\\Desktop\\10Pearls\\sheryar-mern-10pshine\\frontend\\src\\App.jsx","statementMap":{"0":{"start":{"line":9,"column":40},"end":{"line":9,"column":56}},"1":{"start":{"line":10,"column":26},"end":{"line":12,"column":4}},"2":{"start":{"line":11,"column":4},"end":{"line":11,"column":56}},"3":{"start":{"line":13,"column":28},"end":{"line":13,"column":77}},"4":{"start":{"line":14,"column":38},"end":{"line":14,"column":52}},"5":{"start":{"line":16,"column":2},"end":{"line":19,"column":13}},"6":{"start":{"line":17,"column":4},"end":{"line":17,"column":51}},"7":{"start":{"line":18,"column":4},"end":{"line":18,"column":44}},"8":{"start":{"line":21,"column":2},"end":{"line":27,"column":14}},"9":{"start":{"line":22,"column":4},"end":{"line":26,"column":5}},"10":{"start":{"line":23,"column":6},"end":{"line":23,"column":34}},"11":{"start":{"line":25,"column":6},"end":{"line":25,"column":29}},"12":{"start":{"line":29,"column":29},"end":{"line":32,"column":3}},"13":{"start":{"line":30,"column":4},"end":{"line":30,"column":23}},"14":{"start":{"line":31,"column":4},"end":{"line":31,"column":48}},"15":{"start":{"line":34,"column":23},"end":{"line":38,"column":3}},"16":{"start":{"line":35,"column":4},"end":{"line":35,"column":17}},"17":{"start":{"line":36,"column":4},"end":{"line":36,"column":41}},"18":{"start":{"line":37,"column":4},"end":{"line":37,"column":27}},"19":{"start":{"line":40,"column":27},"end":{"line":43,"column":3}},"20":{"start":{"line":41,"column":4},"end":{"line":41,"column":24}},"21":{"start":{"line":42,"column":4},"end":{"line":42,"column":29}},"22":{"start":{"line":45,"column":25},"end":{"line":48,"column":3}},"23":{"start":{"line":46,"column":4},"end":{"line":46,"column":24}},"24":{"start":{"line":47,"column":4},"end":{"line":47,"column":29}},"25":{"start":{"line":50,"column":25},"end":{"line":54,"column":3}},"26":{"start":{"line":51,"column":4},"end":{"line":51,"column":32}},"27":{"start":{"line":52,"column":4},"end":{"line":52,"column":24}},"28":{"start":{"line":56,"column":27},"end":{"line":59,"column":3}},"29":{"start":{"line":57,"column":4},"end":{"line":57,"column":32}},"30":{"start":{"line":58,"column":4},"end":{"line":58,"column":24}},"31":{"start":{"line":61,"column":2},"end":{"line":88,"column":4}},"32":{"start":{"line":64,"column":53},"end":{"line":64,"column":77}},"33":{"start":{"line":67,"column":54},"end":{"line":67,"column":76}},"34":{"start":{"line":76,"column":28},"end":{"line":76,"column":72}}},"fnMap":{"0":{"name":"App","decl":{"start":{"line":8,"column":9},"end":{"line":8,"column":12}},"loc":{"start":{"line":8,"column":15},"end":{"line":89,"column":1}},"line":8},"1":{"name":"(anonymous_1)","decl":{"start":{"line":10,"column":35},"end":{"line":10,"column":36}},"loc":{"start":{"line":10,"column":41},"end":{"line":12,"column":3}},"line":10},"2":{"name":"(anonymous_2)","decl":{"start":{"line":16,"column":12},"end":{"line":16,"column":13}},"loc":{"start":{"line":16,"column":18},"end":{"line":19,"column":3}},"line":16},"3":{"name":"(anonymous_3)","decl":{"start":{"line":21,"column":12},"end":{"line":21,"column":13}},"loc":{"start":{"line":21,"column":18},"end":{"line":27,"column":3}},"line":21},"4":{"name":"(anonymous_4)","decl":{"start":{"line":29,"column":29},"end":{"line":29,"column":30}},"loc":{"start":{"line":29,"column":43},"end":{"line":32,"column":3}},"line":29},"5":{"name":"(anonymous_5)","decl":{"start":{"line":34,"column":23},"end":{"line":34,"column":24}},"loc":{"start":{"line":34,"column":29},"end":{"line":38,"column":3}},"line":34},"6":{"name":"(anonymous_6)","decl":{"start":{"line":40,"column":27},"end":{"line":40,"column":28}},"loc":{"start":{"line":40,"column":33},"end":{"line":43,"column":3}},"line":40},"7":{"name":"(anonymous_7)","decl":{"start":{"line":45,"column":25},"end":{"line":45,"column":26}},"loc":{"start":{"line":45,"column":35},"end":{"line":48,"column":3}},"line":45},"8":{"name":"(anonymous_8)","decl":{"start":{"line":50,"column":25},"end":{"line":50,"column":26}},"loc":{"start":{"line":50,"column":31},"end":{"line":54,"column":3}},"line":50},"9":{"name":"(anonymous_9)","decl":{"start":{"line":56,"column":27},"end":{"line":56,"column":28}},"loc":{"start":{"line":56,"column":33},"end":{"line":59,"column":3}},"line":56},"10":{"name":"(anonymous_10)","decl":{"start":{"line":64,"column":47},"end":{"line":64,"column":48}},"loc":{"start":{"line":64,"column":53},"end":{"line":64,"column":77}},"line":64},"11":{"name":"(anonymous_11)","decl":{"start":{"line":67,"column":48},"end":{"line":67,"column":49}},"loc":{"start":{"line":67,"column":54},"end":{"line":67,"column":76}},"line":67},"12":{"name":"(anonymous_12)","decl":{"start":{"line":76,"column":22},"end":{"line":76,"column":23}},"loc":{"start":{"line":76,"column":28},"end":{"line":76,"column":72}},"line":76}},"branchMap":{"0":{"loc":{"start":{"line":11,"column":11},"end":{"line":11,"column":55}},"type":"binary-expr","locations":[{"start":{"line":11,"column":11},"end":{"line":11,"column":44}},{"start":{"line":11,"column":48},"end":{"line":11,"column":55}}],"line":11},"1":{"loc":{"start":{"line":13,"column":37},"end":{"line":13,"column":76}},"type":"binary-expr","locations":[{"start":{"line":13,"column":37},"end":{"line":13,"column":70}},{"start":{"line":13,"column":74},"end":{"line":13,"column":76}}],"line":13},"2":{"loc":{"start":{"line":22,"column":4},"end":{"line":26,"column":5}},"type":"if","locations":[{"start":{"line":22,"column":4},"end":{"line":26,"column":5}},{"start":{"line":24,"column":11},"end":{"line":26,"column":5}}],"line":22},"3":{"loc":{"start":{"line":63,"column":7},"end":{"line":65,"column":7}},"type":"binary-expr","locations":[{"start":{"line":63,"column":7},"end":{"line":63,"column":29}},{"start":{"line":64,"column":8},"end":{"line":64,"column":117}}],"line":63},"4":{"loc":{"start":{"line":66,"column":7},"end":{"line":68,"column":7}},"type":"binary-expr","locations":[{"start":{"line":66,"column":7},"end":{"line":66,"column":31}},{"start":{"line":67,"column":8},"end":{"line":67,"column":116}}],"line":66},"5":{"loc":{"start":{"line":69,"column":7},"end":{"line":78,"column":7}},"type":"binary-expr","locations":[{"start":{"line":69,"column":7},"end":{"line":69,"column":34}},{"start":{"line":70,"column":8},"end":{"line":77,"column":10}}],"line":69},"6":{"loc":{"start":{"line":76,"column":36},"end":{"line":76,"column":71}},"type":"cond-expr","locations":[{"start":{"line":76,"column":55},"end":{"line":76,"column":61}},{"start":{"line":76,"column":64},"end":{"line":76,"column":71}}],"line":76},"7":{"loc":{"start":{"line":79,"column":7},"end":{"line":86,"column":7}},"type":"binary-expr","locations":[{"start":{"line":79,"column":7},"end":{"line":79,"column":31}},{"start":{"line":80,"column":8},"end":{"line":85,"column":10}}],"line":79}},"s":{"0":0,"1":0,"2":0,"3":0,"4":0,"5":0,"6":0,"7":0,"8":0,"9":0,"10":0,"11":0,"12":0,"13":0,"14":0,"15":0,"16":0,"17":0,"18":0,"19":0,"20":0,"21":0,"22":0,"23":0,"24":0,"25":0,"26":0,"27":0,"28":0,"29":0,"30":0,"31":0,"32":0,"33":0,"34":0},"f":{"0":0,"1":0,"2":0,"3":0,"4":0,"5":0,"6":0,"7":0,"8":0,"9":0,"10":0,"11":0,"12":0},"b":{"0":[0,0],"1":[0,0],"2":[0,0],"3":[0,0],"4":[0,0],"5":[0,0],"6":[0,0],"7":[0,0]}}
,"C:\\Users\\alish\\OneDrive\\Desktop\\10Pearls\\sheryar-mern-10pshine\\frontend\\src\\components\\Dashboard.jsx": {"path":"C:\\Users\\alish\\OneDrive\\Desktop\\10Pearls\\sheryar-mern-10pshine\\frontend\\src\\components\\Dashboard.jsx","statementMap":{"0":{"start":{"line":6,"column":18},"end":{"line":216,"column":1}},"1":{"start":{"line":7,"column":28},"end":{"line":7,"column":40}},"2":{"start":{"line":8,"column":44},"end":{"line":8,"column":56}},"3":{"start":{"line":9,"column":32},"end":{"line":9,"column":46}},"4":{"start":{"line":10,"column":28},"end":{"line":10,"column":40}},"5":{"start":{"line":11,"column":40},"end":{"line":11,"column":52}},"6":{"start":{"line":13,"column":2},"end":{"line":15,"column":9}},"7":{"start":{"line":14,"column":4},"end":{"line":14,"column":17}},"8":{"start":{"line":17,"column":2},"end":{"line":27,"column":27}},"9":{"start":{"line":18,"column":4},"end":{"line":26,"column":5}},"10":{"start":{"line":19,"column":6},"end":{"line":19,"column":30}},"11":{"start":{"line":21,"column":23},"end":{"line":24,"column":7}},"12":{"start":{"line":22,"column":8},"end":{"line":23,"column":70}},"13":{"start":{"line":25,"column":6},"end":{"line":25,"column":33}},"14":{"start":{"line":29,"column":21},"end":{"line":42,"column":3}},"15":{"start":{"line":30,"column":4},"end":{"line":41,"column":5}},"16":{"start":{"line":31,"column":23},"end":{"line":33,"column":8}},"17":{"start":{"line":34,"column":6},"end":{"line":34,"column":30}},"18":{"start":{"line":35,"column":6},"end":{"line":35,"column":38}},"19":{"start":{"line":37,"column":6},"end":{"line":37,"column":40}},"20":{"start":{"line":38,"column":6},"end":{"line":38,"column":25}},"21":{"start":{"line":40,"column":6},"end":{"line":40,"column":24}},"22":{"start":{"line":44,"column":23},"end":{"line":57,"column":3}},"23":{"start":{"line":45,"column":4},"end":{"line":45,"column":24}},"24":{"start":{"line":46,"column":4},"end":{"line":46,"column":78}},"25":{"start":{"line":46,"column":71},"end":{"line":46,"column":78}},"26":{"start":{"line":48,"column":4},"end":{"line":56,"column":5}},"27":{"start":{"line":49,"column":6},"end":{"line":51,"column":9}},"28":{"start":{"line":52,"column":6},"end":{"line":52,"column":57}},"29":{"start":{"line":52,"column":36},"end":{"line":52,"column":54}},"30":{"start":{"line":54,"column":6},"end":{"line":54,"column":37}},"31":{"start":{"line":55,"column":6},"end":{"line":55,"column":25}},"32":{"start":{"line":59,"column":21},"end":{"line":66,"column":3}},"33":{"start":{"line":60,"column":17},"end":{"line":60,"column":37}},"34":{"start":{"line":61,"column":4},"end":{"line":65,"column":7}},"35":{"start":{"line":68,"column":2},"end":{"line":77,"column":3}},"36":{"start":{"line":69,"column":4},"end":{"line":76,"column":6}},"37":{"start":{"line":79,"column":2},"end":{"line":87,"column":3}},"38":{"start":{"line":80,"column":4},"end":{"line":86,"column":6}},"39":{"start":{"line":89,"column":2},"end":{"line":215,"column":4}},"40":{"start":{"line":144,"column":31},"end":{"line":144,"column":61}},"41":{"start":{"line":174,"column":14},"end":{"line":209,"column":20}},"42":{"start":{"line":177,"column":31},"end":{"line":177,"column":47}},"43":{"start":{"line":185,"column":24},"end":{"line":185,"column":44}},"44":{"start":{"line":186,"column":24},"end":{"line":186,"column":41}},"45":{"start":{"line":194,"column":38},"end":{"line":194,"column":62}}},"fnMap":{"0":{"name":"(anonymous_0)","decl":{"start":{"line":6,"column":18},"end":{"line":6,"column":19}},"loc":{"start":{"line":6,"column":87},"end":{"line":216,"column":1}},"line":6},"1":{"name":"(anonymous_1)","decl":{"start":{"line":13,"column":12},"end":{"line":13,"column":13}},"loc":{"start":{"line":13,"column":18},"end":{"line":15,"column":3}},"line":13},"2":{"name":"(anonymous_2)","decl":{"start":{"line":17,"column":12},"end":{"line":17,"column":13}},"loc":{"start":{"line":17,"column":18},"end":{"line":27,"column":3}},"line":17},"3":{"name":"(anonymous_3)","decl":{"start":{"line":21,"column":36},"end":{"line":21,"column":37}},"loc":{"start":{"line":22,"column":8},"end":{"line":23,"column":70}},"line":22},"4":{"name":"(anonymous_4)","decl":{"start":{"line":29,"column":21},"end":{"line":29,"column":22}},"loc":{"start":{"line":29,"column":33},"end":{"line":42,"column":3}},"line":29},"5":{"name":"(anonymous_5)","decl":{"start":{"line":44,"column":23},"end":{"line":44,"column":24}},"loc":{"start":{"line":44,"column":44},"end":{"line":57,"column":3}},"line":44},"6":{"name":"(anonymous_6)","decl":{"start":{"line":52,"column":28},"end":{"line":52,"column":29}},"loc":{"start":{"line":52,"column":36},"end":{"line":52,"column":54}},"line":52},"7":{"name":"(anonymous_7)","decl":{"start":{"line":59,"column":21},"end":{"line":59,"column":22}},"loc":{"start":{"line":59,"column":37},"end":{"line":66,"column":3}},"line":59},"8":{"name":"(anonymous_8)","decl":{"start":{"line":144,"column":24},"end":{"line":144,"column":25}},"loc":{"start":{"line":144,"column":31},"end":{"line":144,"column":61}},"line":144},"9":{"name":"(anonymous_9)","decl":{"start":{"line":173,"column":31},"end":{"line":173,"column":32}},"loc":{"start":{"line":174,"column":14},"end":{"line":209,"column":20}},"line":174},"10":{"name":"(anonymous_10)","decl":{"start":{"line":177,"column":25},"end":{"line":177,"column":26}},"loc":{"start":{"line":177,"column":31},"end":{"line":177,"column":47}},"line":177},"11":{"name":"(anonymous_11)","decl":{"start":{"line":184,"column":31},"end":{"line":184,"column":32}},"loc":{"start":{"line":184,"column":38},"end":{"line":187,"column":23}},"line":184},"12":{"name":"(anonymous_12)","decl":{"start":{"line":194,"column":31},"end":{"line":194,"column":32}},"loc":{"start":{"line":194,"column":38},"end":{"line":194,"column":62}},"line":194}},"branchMap":{"0":{"loc":{"start":{"line":18,"column":4},"end":{"line":26,"column":5}},"type":"if","locations":[{"start":{"line":18,"column":4},"end":{"line":26,"column":5}},{"start":{"line":20,"column":11},"end":{"line":26,"column":5}}],"line":18},"1":{"loc":{"start":{"line":22,"column":8},"end":{"line":23,"column":70}},"type":"binary-expr","locations":[{"start":{"line":22,"column":8},"end":{"line":22,"column":68}},{"start":{"line":23,"column":8},"end":{"line":23,"column":70}}],"line":22},"2":{"loc":{"start":{"line":46,"column":4},"end":{"line":46,"column":78}},"type":"if","locations":[{"start":{"line":46,"column":4},"end":{"line":46,"column":78}},{"start":{},"end":{}}],"line":46},"3":{"loc":{"start":{"line":68,"column":2},"end":{"line":77,"column":3}},"type":"if","locations":[{"start":{"line":68,"column":2},"end":{"line":77,"column":3}},{"start":{},"end":{}}],"line":68},"4":{"loc":{"start":{"line":79,"column":2},"end":{"line":87,"column":3}},"type":"if","locations":[{"start":{"line":79,"column":2},"end":{"line":87,"column":3}},{"start":{},"end":{}}],"line":79},"5":{"loc":{"start":{"line":104,"column":21},"end":{"line":104,"column":86}},"type":"cond-expr","locations":[{"start":{"line":104,"column":40},"end":{"line":104,"column":61}},{"start":{"line":104,"column":64},"end":{"line":104,"column":86}}],"line":104},"6":{"loc":{"start":{"line":106,"column":15},"end":{"line":106,"column":72}},"type":"cond-expr","locations":[{"start":{"line":106,"column":34},"end":{"line":106,"column":52}},{"start":{"line":106,"column":55},"end":{"line":106,"column":72}}],"line":106},"7":{"loc":{"start":{"line":137,"column":9},"end":{"line":148,"column":9}},"type":"binary-expr","locations":[{"start":{"line":137,"column":9},"end":{"line":137,"column":25}},{"start":{"line":138,"column":10},"end":{"line":147,"column":16}}],"line":137},"8":{"loc":{"start":{"line":151,"column":9},"end":{"line":212,"column":9}},"type":"cond-expr","locations":[{"start":{"line":152,"column":10},"end":{"line":170,"column":16}},{"start":{"line":172,"column":10},"end":{"line":211,"column":16}}],"line":151},"9":{"loc":{"start":{"line":157,"column":15},"end":{"line":157,"column":62}},"type":"cond-expr","locations":[{"start":{"line":157,"column":29},"end":{"line":157,"column":45}},{"start":{"line":157,"column":48},"end":{"line":157,"column":62}}],"line":157},"10":{"loc":{"start":{"line":160,"column":15},"end":{"line":162,"column":60}},"type":"cond-expr","locations":[{"start":{"line":161,"column":18},"end":{"line":161,"column":57}},{"start":{"line":162,"column":18},"end":{"line":162,"column":60}}],"line":160},"11":{"loc":{"start":{"line":164,"column":13},"end":{"line":169,"column":13}},"type":"binary-expr","locations":[{"start":{"line":164,"column":13},"end":{"line":164,"column":25}},{"start":{"line":165,"column":14},"end":{"line":168,"column":23}}],"line":164}},"s":{"0":1,"1":105,"2":105,"3":105,"4":105,"5":105,"6":105,"7":13,"8":105,"9":56,"10":25,"11":31,"12":62,"13":31,"14":105,"15":13,"16":13,"17":11,"18":11,"19":1,"20":1,"21":12,"22":105,"23":0,"24":0,"25":0,"26":0,"27":0,"28":0,"29":0,"30":0,"31":0,"32":105,"33":150,"34":150,"35":105,"36":26,"37":79,"38":1,"39":78,"40":32,"41":150,"42":0,"43":0,"44":0,"45":0},"f":{"0":105,"1":13,"2":56,"3":62,"4":13,"5":0,"6":0,"7":150,"8":32,"9":150,"10":0,"11":0,"12":0},"b":{"0":[25,31],"1":[62,20],"2":[0,0],"3":[26,79],"4":[1,78],"5":[78,0],"6":[78,0],"7":[78,77],"8":[1,77],"9":[0,1],"10":[0,1],"11":[1,1]},"_coverageSchema":"1a1c01bbd47fc00a2c39e90264f33305004495a9","hash":"69ec5645ab810689b9812493893ba4d863ffd660"}
,"C:\\Users\\alish\\OneDrive\\Desktop\\10Pearls\\sheryar-mern-10pshine\\frontend\\src\\components\\NoteEditor.jsx": {"path":"C:\\Users\\alish\\OneDrive\\Desktop\\10Pearls\\sheryar-mern-10pshine\\frontend\\src\\components\\NoteEditor.jsx","statementMap":{"0":{"start":{"line":6,"column":19},"end":{"line":189,"column":1}},"1":{"start":{"line":7,"column":28},"end":{"line":7,"column":55}},"2":{"start":{"line":8,"column":32},"end":{"line":8,"column":61}},"3":{"start":{"line":9,"column":26},"end":{"line":9,"column":56}},"4":{"start":{"line":10,"column":32},"end":{"line":10,"column":47}},"5":{"start":{"line":11,"column":46},"end":{"line":11,"column":57}},"6":{"start":{"line":13,"column":2},"end":{"line":15,"column":16}},"7":{"start":{"line":14,"column":4},"end":{"line":14,"column":38}},"8":{"start":{"line":17,"column":21},"end":{"line":44,"column":3}},"9":{"start":{"line":18,"column":4},"end":{"line":21,"column":5}},"10":{"start":{"line":19,"column":6},"end":{"line":19,"column":51}},"11":{"start":{"line":20,"column":6},"end":{"line":20,"column":13}},"12":{"start":{"line":23,"column":4},"end":{"line":23,"column":21}},"13":{"start":{"line":24,"column":4},"end":{"line":43,"column":5}},"14":{"start":{"line":25,"column":19},"end":{"line":25,"column":43}},"15":{"start":{"line":26,"column":6},"end":{"line":36,"column":7}},"16":{"start":{"line":28,"column":8},"end":{"line":30,"column":11}},"17":{"start":{"line":33,"column":8},"end":{"line":35,"column":11}},"18":{"start":{"line":37,"column":6},"end":{"line":37,"column":15}},"19":{"start":{"line":39,"column":6},"end":{"line":39,"column":54}},"20":{"start":{"line":40,"column":6},"end":{"line":40,"column":25}},"21":{"start":{"line":42,"column":6},"end":{"line":42,"column":24}},"22":{"start":{"line":46,"column":24},"end":{"line":52,"column":3}},"23":{"start":{"line":48,"column":4},"end":{"line":51,"column":5}},"24":{"start":{"line":49,"column":6},"end":{"line":49,"column":25}},"25":{"start":{"line":50,"column":6},"end":{"line":50,"column":19}},"26":{"start":{"line":54,"column":2},"end":{"line":188,"column":4}},"27":{"start":{"line":104,"column":33},"end":{"line":104,"column":57}},"28":{"start":{"line":133,"column":33},"end":{"line":133,"column":59}},"29":{"start":{"line":153,"column":35},"end":{"line":153,"column":58}}},"fnMap":{"0":{"name":"(anonymous_0)","decl":{"start":{"line":6,"column":19},"end":{"line":6,"column":20}},"loc":{"start":{"line":6,"column":58},"end":{"line":189,"column":1}},"line":6},"1":{"name":"(anonymous_1)","decl":{"start":{"line":13,"column":12},"end":{"line":13,"column":13}},"loc":{"start":{"line":13,"column":18},"end":{"line":15,"column":3}},"line":13},"2":{"name":"(anonymous_2)","decl":{"start":{"line":17,"column":21},"end":{"line":17,"column":22}},"loc":{"start":{"line":17,"column":33},"end":{"line":44,"column":3}},"line":17},"3":{"name":"(anonymous_3)","decl":{"start":{"line":46,"column":24},"end":{"line":46,"column":25}},"loc":{"start":{"line":46,"column":31},"end":{"line":52,"column":3}},"line":46},"4":{"name":"(anonymous_4)","decl":{"start":{"line":104,"column":26},"end":{"line":104,"column":27}},"loc":{"start":{"line":104,"column":33},"end":{"line":104,"column":57}},"line":104},"5":{"name":"(anonymous_5)","decl":{"start":{"line":133,"column":26},"end":{"line":133,"column":27}},"loc":{"start":{"line":133,"column":33},"end":{"line":133,"column":59}},"line":133},"6":{"name":"(anonymous_6)","decl":{"start":{"line":153,"column":28},"end":{"line":153,"column":29}},"loc":{"start":{"line":153,"column":35},"end":{"line":153,"column":58}},"line":153}},"branchMap":{"0":{"loc":{"start":{"line":7,"column":37},"end":{"line":7,"column":54}},"type":"binary-expr","locations":[{"start":{"line":7,"column":37},"end":{"line":7,"column":48}},{"start":{"line":7,"column":52},"end":{"line":7,"column":54}}],"line":7},"1":{"loc":{"start":{"line":8,"column":41},"end":{"line":8,"column":60}},"type":"binary-expr","locations":[{"start":{"line":8,"column":41},"end":{"line":8,"column":54}},{"start":{"line":8,"column":58},"end":{"line":8,"column":60}}],"line":8},"2":{"loc":{"start":{"line":9,"column":35},"end":{"line":9,"column":55}},"type":"binary-expr","locations":[{"start":{"line":9,"column":35},"end":{"line":9,"column":45}},{"start":{"line":9,"column":49},"end":{"line":9,"column":55}}],"line":9},"3":{"loc":{"start":{"line":18,"column":4},"end":{"line":21,"column":5}},"type":"if","locations":[{"start":{"line":18,"column":4},"end":{"line":21,"column":5}},{"start":{},"end":{}}],"line":18},"4":{"loc":{"start":{"line":18,"column":8},"end":{"line":18,"column":40}},"type":"binary-expr","locations":[{"start":{"line":18,"column":8},"end":{"line":18,"column":21}},{"start":{"line":18,"column":25},"end":{"line":18,"column":40}}],"line":18},"5":{"loc":{"start":{"line":26,"column":6},"end":{"line":36,"column":7}},"type":"if","locations":[{"start":{"line":26,"column":6},"end":{"line":36,"column":7}},{"start":{"line":31,"column":13},"end":{"line":36,"column":7}}],"line":26},"6":{"loc":{"start":{"line":48,"column":4},"end":{"line":51,"column":5}},"type":"if","locations":[{"start":{"line":48,"column":4},"end":{"line":51,"column":5}},{"start":{},"end":{}}],"line":48},"7":{"loc":{"start":{"line":48,"column":8},"end":{"line":48,"column":49}},"type":"binary-expr","locations":[{"start":{"line":48,"column":9},"end":{"line":48,"column":18}},{"start":{"line":48,"column":22},"end":{"line":48,"column":31}},{"start":{"line":48,"column":36},"end":{"line":48,"column":49}}],"line":48},"8":{"loc":{"start":{"line":69,"column":15},"end":{"line":79,"column":15}},"type":"cond-expr","locations":[{"start":{"line":70,"column":16},"end":{"line":73,"column":19}},{"start":{"line":75,"column":16},"end":{"line":78,"column":19}}],"line":69},"9":{"loc":{"start":{"line":92,"column":15},"end":{"line":92,"column":53}},"type":"cond-expr","locations":[{"start":{"line":92,"column":22},"end":{"line":92,"column":33}},{"start":{"line":92,"column":36},"end":{"line":92,"column":53}}],"line":92},"10":{"loc":{"start":{"line":95,"column":15},"end":{"line":95,"column":81}},"type":"cond-expr","locations":[{"start":{"line":95,"column":22},"end":{"line":95,"column":49}},{"start":{"line":95,"column":52},"end":{"line":95,"column":81}}],"line":95},"11":{"loc":{"start":{"line":142,"column":15},"end":{"line":147,"column":15}},"type":"binary-expr","locations":[{"start":{"line":142,"column":15},"end":{"line":142,"column":19}},{"start":{"line":143,"column":16},"end":{"line":146,"column":22}}],"line":142},"12":{"loc":{"start":{"line":145,"column":42},"end":{"line":145,"column":76}},"type":"binary-expr","locations":[{"start":{"line":145,"column":42},"end":{"line":145,"column":57}},{"start":{"line":145,"column":61},"end":{"line":145,"column":76}}],"line":145},"13":{"loc":{"start":{"line":171,"column":17},"end":{"line":181,"column":17}},"type":"cond-expr","locations":[{"start":{"line":172,"column":18},"end":{"line":175,"column":21}},{"start":{"line":177,"column":18},"end":{"line":180,"column":21}}],"line":171}},"s":{"0":1,"1":50,"2":50,"3":50,"4":50,"5":50,"6":50,"7":30,"8":50,"9":0,"10":0,"11":0,"12":0,"13":0,"14":0,"15":0,"16":0,"17":0,"18":0,"19":0,"20":0,"21":0,"22":50,"23":16,"24":0,"25":0,"26":50,"27":0,"28":16,"29":0},"f":{"0":50,"1":30,"2":0,"3":16,"4":0,"5":16,"6":0},"b":{"0":[50,42],"1":[50,42],"2":[50,42],"3":[0,0],"4":[0,0],"5":[0,0],"6":[0,16],"7":[16,16,0],"8":[0,50],"9":[8,42],"10":[8,42],"11":[50,8],"12":[8,8],"13":[0,50]},"_coverageSchema":"1a1c01bbd47fc00a2c39e90264f33305004495a9","hash":"0e6f7ed8a7883508fc1351052c28df16187d4df2"}
,"C:\\Users\\alish\\OneDrive\\Desktop\\10Pearls\\sheryar-mern-10pshine\\frontend\\src\\components\\Auth\\AuthForm.jsx": {"path":"C:\\Users\\alish\\OneDrive\\Desktop\\10Pearls\\sheryar-mern-10pshine\\frontend\\src\\components\\Auth\\AuthForm.jsx","statementMap":{"0":{"start":{"line":8,"column":17},"end":{"line":183,"column":1}},"1":{"start":{"line":9,"column":34},"end":{"line":15,"column":4}},"2":{"start":{"line":17,"column":30},"end":{"line":17,"column":42}},"3":{"start":{"line":19,"column":23},"end":{"line":31,"column":3}},"4":{"start":{"line":20,"column":28},"end":{"line":20,"column":36}},"5":{"start":{"line":21,"column":4},"end":{"line":24,"column":8}},"6":{"start":{"line":21,"column":25},"end":{"line":24,"column":5}},"7":{"start":{"line":25,"column":4},"end":{"line":30,"column":5}},"8":{"start":{"line":26,"column":6},"end":{"line":29,"column":10}},"9":{"start":{"line":26,"column":25},"end":{"line":29,"column":7}},"10":{"start":{"line":33,"column":23},"end":{"line":58,"column":3}},"11":{"start":{"line":34,"column":22},"end":{"line":34,"column":24}},"12":{"start":{"line":36,"column":4},"end":{"line":38,"column":5}},"13":{"start":{"line":37,"column":6},"end":{"line":37,"column":51}},"14":{"start":{"line":40,"column":4},"end":{"line":44,"column":5}},"15":{"start":{"line":41,"column":6},"end":{"line":41,"column":44}},"16":{"start":{"line":42,"column":11},"end":{"line":44,"column":5}},"17":{"start":{"line":43,"column":6},"end":{"line":43,"column":43}},"18":{"start":{"line":46,"column":4},"end":{"line":50,"column":5}},"19":{"start":{"line":47,"column":6},"end":{"line":47,"column":50}},"20":{"start":{"line":48,"column":11},"end":{"line":50,"column":5}},"21":{"start":{"line":49,"column":6},"end":{"line":49,"column":68}},"22":{"start":{"line":52,"column":4},"end":{"line":54,"column":5}},"23":{"start":{"line":53,"column":6},"end":{"line":53,"column":59}},"24":{"start":{"line":56,"column":4},"end":{"line":56,"column":25}},"25":{"start":{"line":57,"column":4},"end":{"line":57,"column":47}},"26":{"start":{"line":60,"column":23},"end":{"line":76,"column":3}},"27":{"start":{"line":61,"column":4},"end":{"line":61,"column":23}},"28":{"start":{"line":62,"column":4},"end":{"line":75,"column":5}},"29":{"start":{"line":63,"column":6},"end":{"line":74,"column":7}},"30":{"start":{"line":64,"column":25},"end":{"line":64,"column":75}},"31":{"start":{"line":65,"column":21},"end":{"line":65,"column":96}},"32":{"start":{"line":66,"column":25},"end":{"line":66,"column":83}},"33":{"start":{"line":67,"column":8},"end":{"line":71,"column":9}},"34":{"start":{"line":68,"column":10},"end":{"line":68,"column":46}},"35":{"start":{"line":70,"column":10},"end":{"line":70,"column":66}},"36":{"start":{"line":73,"column":8},"end":{"line":73,"column":64}},"37":{"start":{"line":78,"column":2},"end":{"line":182,"column":4}}},"fnMap":{"0":{"name":"(anonymous_0)","decl":{"start":{"line":8,"column":17},"end":{"line":8,"column":18}},"loc":{"start":{"line":8,"column":91},"end":{"line":183,"column":1}},"line":8},"1":{"name":"(anonymous_1)","decl":{"start":{"line":19,"column":23},"end":{"line":19,"column":24}},"loc":{"start":{"line":19,"column":30},"end":{"line":31,"column":3}},"line":19},"2":{"name":"(anonymous_2)","decl":{"start":{"line":21,"column":16},"end":{"line":21,"column":17}},"loc":{"start":{"line":21,"column":25},"end":{"line":24,"column":5}},"line":21},"3":{"name":"(anonymous_3)","decl":{"start":{"line":26,"column":16},"end":{"line":26,"column":17}},"loc":{"start":{"line":26,"column":25},"end":{"line":29,"column":7}},"line":26},"4":{"name":"(anonymous_4)","decl":{"start":{"line":33,"column":23},"end":{"line":33,"column":24}},"loc":{"start":{"line":33,"column":29},"end":{"line":58,"column":3}},"line":33},"5":{"name":"(anonymous_5)","decl":{"start":{"line":60,"column":23},"end":{"line":60,"column":24}},"loc":{"start":{"line":60,"column":36},"end":{"line":76,"column":3}},"line":60}},"branchMap":{"0":{"loc":{"start":{"line":8,"column":39},"end":{"line":8,"column":54}},"type":"default-arg","locations":[{"start":{"line":8,"column":49},"end":{"line":8,"column":54}}],"line":8},"1":{"loc":{"start":{"line":25,"column":4},"end":{"line":30,"column":5}},"type":"if","locations":[{"start":{"line":25,"column":4},"end":{"line":30,"column":5}},{"start":{},"end":{}}],"line":25},"2":{"loc":{"start":{"line":36,"column":4},"end":{"line":38,"column":5}},"type":"if","locations":[{"start":{"line":36,"column":4},"end":{"line":38,"column":5}},{"start":{},"end":{}}],"line":36},"3":{"loc":{"start":{"line":36,"column":8},"end":{"line":36,"column":45}},"type":"binary-expr","locations":[{"start":{"line":36,"column":8},"end":{"line":36,"column":16}},{"start":{"line":36,"column":20},"end":{"line":36,"column":45}}],"line":36},"4":{"loc":{"start":{"line":40,"column":4},"end":{"line":44,"column":5}},"type":"if","locations":[{"start":{"line":40,"column":4},"end":{"line":44,"column":5}},{"start":{"line":42,"column":11},"end":{"line":44,"column":5}}],"line":40},"5":{"loc":{"start":{"line":42,"column":11},"end":{"line":44,"column":5}},"type":"if","locations":[{"start":{"line":42,"column":11},"end":{"line":44,"column":5}},{"start":{},"end":{}}],"line":42},"6":{"loc":{"start":{"line":46,"column":4},"end":{"line":50,"column":5}},"type":"if","locations":[{"start":{"line":46,"column":4},"end":{"line":50,"column":5}},{"start":{"line":48,"column":11},"end":{"line":50,"column":5}}],"line":46},"7":{"loc":{"start":{"line":48,"column":11},"end":{"line":50,"column":5}},"type":"if","locations":[{"start":{"line":48,"column":11},"end":{"line":50,"column":5}},{"start":{},"end":{}}],"line":48},"8":{"loc":{"start":{"line":52,"column":4},"end":{"line":54,"column":5}},"type":"if","locations":[{"start":{"line":52,"column":4},"end":{"line":54,"column":5}},{"start":{},"end":{}}],"line":52},"9":{"loc":{"start":{"line":52,"column":8},"end":{"line":52,"column":66}},"type":"binary-expr","locations":[{"start":{"line":52,"column":8},"end":{"line":52,"column":16}},{"start":{"line":52,"column":20},"end":{"line":52,"column":66}}],"line":52},"10":{"loc":{"start":{"line":62,"column":4},"end":{"line":75,"column":5}},"type":"if","locations":[{"start":{"line":62,"column":4},"end":{"line":75,"column":5}},{"start":{},"end":{}}],"line":62},"11":{"loc":{"start":{"line":64,"column":25},"end":{"line":64,"column":75}},"type":"cond-expr","locations":[{"start":{"line":64,"column":35},"end":{"line":64,"column":52}},{"start":{"line":64,"column":55},"end":{"line":64,"column":75}}],"line":64},"12":{"loc":{"start":{"line":65,"column":21},"end":{"line":65,"column":96}},"type":"cond-expr","locations":[{"start":{"line":65,"column":31},"end":{"line":65,"column":85}},{"start":{"line":65,"column":88},"end":{"line":65,"column":96}}],"line":65},"13":{"loc":{"start":{"line":67,"column":8},"end":{"line":71,"column":9}},"type":"if","locations":[{"start":{"line":67,"column":8},"end":{"line":71,"column":9}},{"start":{"line":69,"column":15},"end":{"line":71,"column":9}}],"line":67},"14":{"loc":{"start":{"line":70,"column":16},"end":{"line":70,"column":64}},"type":"cond-expr","locations":[{"start":{"line":70,"column":26},"end":{"line":70,"column":40}},{"start":{"line":70,"column":43},"end":{"line":70,"column":64}}],"line":70},"15":{"loc":{"start":{"line":73,"column":14},"end":{"line":73,"column":62}},"type":"binary-expr","locations":[{"start":{"line":73,"column":14},"end":{"line":73,"column":39}},{"start":{"line":73,"column":43},"end":{"line":73,"column":62}}],"line":73},"16":{"loc":{"start":{"line":85,"column":38},"end":{"line":85,"column":81}},"type":"cond-expr","locations":[{"start":{"line":85,"column":48},"end":{"line":85,"column":62}},{"start":{"line":85,"column":65},"end":{"line":85,"column":81}}],"line":85},"17":{"loc":{"start":{"line":87,"column":11},"end":{"line":87,"column":80}},"type":"cond-expr","locations":[{"start":{"line":87,"column":21},"end":{"line":87,"column":46}},{"start":{"line":87,"column":49},"end":{"line":87,"column":80}}],"line":87},"18":{"loc":{"start":{"line":106,"column":9},"end":{"line":117,"column":9}},"type":"binary-expr","locations":[{"start":{"line":106,"column":9},"end":{"line":106,"column":17}},{"start":{"line":107,"column":10},"end":{"line":116,"column":12}}],"line":106},"19":{"loc":{"start":{"line":141,"column":9},"end":{"line":152,"column":9}},"type":"binary-expr","locations":[{"start":{"line":141,"column":9},"end":{"line":141,"column":17}},{"start":{"line":142,"column":10},"end":{"line":151,"column":12}}],"line":141},"20":{"loc":{"start":{"line":154,"column":9},"end":{"line":158,"column":9}},"type":"binary-expr","locations":[{"start":{"line":154,"column":9},"end":{"line":154,"column":16}},{"start":{"line":155,"column":10},"end":{"line":157,"column":16}}],"line":154},"21":{"loc":{"start":{"line":161,"column":11},"end":{"line":161,"column":76}},"type":"cond-expr","locations":[{"start":{"line":161,"column":21},"end":{"line":161,"column":33}},{"start":{"line":161,"column":37},"end":{"line":161,"column":75}}],"line":161},"22":{"loc":{"start":{"line":161,"column":37},"end":{"line":161,"column":75}},"type":"cond-expr","locations":[{"start":{"line":161,"column":47},"end":{"line":161,"column":56}},{"start":{"line":161,"column":59},"end":{"line":161,"column":75}}],"line":161},"23":{"loc":{"start":{"line":167,"column":11},"end":{"line":167,"column":76}},"type":"cond-expr","locations":[{"start":{"line":167,"column":21},"end":{"line":167,"column":46}},{"start":{"line":167,"column":49},"end":{"line":167,"column":76}}],"line":167},"24":{"loc":{"start":{"line":173,"column":13},"end":{"line":173,"column":44}},"type":"cond-expr","locations":[{"start":{"line":173,"column":23},"end":{"line":173,"column":32}},{"start":{"line":173,"column":35},"end":{"line":173,"column":44}}],"line":173}},"s":{"0":1,"1":94,"2":94,"3":94,"4":79,"5":79,"6":79,"7":79,"8":0,"9":0,"10":94,"11":3,"12":3,"13":0,"14":3,"15":0,"16":3,"17":0,"18":3,"19":0,"20":3,"21":1,"22":3,"23":0,"24":3,"25":3,"26":94,"27":3,"28":3,"29":2,"30":2,"31":2,"32":2,"33":1,"34":1,"35":0,"36":1,"37":94},"f":{"0":94,"1":79,"2":79,"3":0,"4":3,"5":3},"b":{"0":[94],"1":[0,79],"2":[0,3],"3":[3,0],"4":[0,3],"5":[0,3],"6":[0,3],"7":[1,2],"8":[0,3],"9":[3,0],"10":[2,1],"11":[2,0],"12":[2,0],"13":[1,0],"14":[0,0],"15":[1,0],"16":[88,6],"17":[88,6],"18":[94,6],"19":[94,6],"20":[94,88],"21":[0,94],"22":[88,6],"23":[88,6],"24":[88,6]},"_coverageSchema":"1a1c01bbd47fc00a2c39e90264f33305004495a9","hash":"16c917da1afcb1b323c289bd1eaf5f5043cc265f"}
,"C:\\Users\\alish\\OneDrive\\Desktop\\10Pearls\\sheryar-mern-10pshine\\frontend\\src\\components\\Auth\\AuthPage.jsx": {"path":"C:\\Users\\alish\\OneDrive\\Desktop\\10Pearls\\sheryar-mern-10pshine\\frontend\\src\\components\\Auth\\AuthPage.jsx","statementMap":{"0":{"start":{"line":6,"column":17},"end":{"line":50,"column":1}},"1":{"start":{"line":7,"column":32},"end":{"line":7,"column":47}},"2":{"start":{"line":9,"column":23},"end":{"line":18,"column":3}},"3":{"start":{"line":10,"column":4},"end":{"line":10,"column":21}},"4":{"start":{"line":11,"column":4},"end":{"line":17,"column":5}},"5":{"start":{"line":12,"column":6},"end":{"line":12,"column":62}},"6":{"start":{"line":12,"column":35},"end":{"line":12,"column":60}},"7":{"start":{"line":14,"column":6},"end":{"line":14,"column":52}},"8":{"start":{"line":16,"column":6},"end":{"line":16,"column":24}},"9":{"start":{"line":20,"column":2},"end":{"line":49,"column":4}}},"fnMap":{"0":{"name":"(anonymous_0)","decl":{"start":{"line":6,"column":17},"end":{"line":6,"column":18}},"loc":{"start":{"line":6,"column":72},"end":{"line":50,"column":1}},"line":6},"1":{"name":"(anonymous_1)","decl":{"start":{"line":9,"column":23},"end":{"line":9,"column":24}},"loc":{"start":{"line":9,"column":43},"end":{"line":18,"column":3}},"line":9},"2":{"name":"(anonymous_2)","decl":{"start":{"line":12,"column":24},"end":{"line":12,"column":25}},"loc":{"start":{"line":12,"column":35},"end":{"line":12,"column":60}},"line":12}},"branchMap":{"0":{"loc":{"start":{"line":6,"column":20},"end":{"line":6,"column":35}},"type":"default-arg","locations":[{"start":{"line":6,"column":30},"end":{"line":6,"column":35}}],"line":6}},"s":{"0":0,"1":0,"2":0,"3":0,"4":0,"5":0,"6":0,"7":0,"8":0,"9":0},"f":{"0":0,"1":0,"2":0},"b":{"0":[0]}}
,"C:\\Users\\alish\\OneDrive\\Desktop\\10Pearls\\sheryar-mern-10pshine\\frontend\\src\\components\\Auth\\index.js": {"path":"C:\\Users\\alish\\OneDrive\\Desktop\\10Pearls\\sheryar-mern-10pshine\\frontend\\src\\components\\Auth\\index.js","statementMap":{},"fnMap":{},"branchMap":{},"s":{},"f":{},"b":{}}
,"C:\\Users\\alish\\OneDrive\\Desktop\\10Pearls\\sheryar-mern-10pshine\\frontend\\src\\components\\UI\\Button.jsx": {"path":"C:\\Users\\alish\\OneDrive\\Desktop\\10Pearls\\sheryar-mern-10pshine\\frontend\\src\\components\\UI\\Button.jsx","statementMap":{"0":{"start":{"line":3,"column":15},"end":{"line":13,"column":1}},"1":{"start":{"line":4,"column":2},"end":{"line":12,"column":4}}},"fnMap":{"0":{"name":"(anonymous_0)","decl":{"start":{"line":3,"column":15},"end":{"line":3,"column":16}},"loc":{"start":{"line":3,"column":81},"end":{"line":13,"column":1}},"line":3}},"branchMap":{"0":{"loc":{"start":{"line":3,"column":28},"end":{"line":3,"column":47}},"type":"default-arg","locations":[{"start":{"line":3,"column":38},"end":{"line":3,"column":47}}],"line":3},"1":{"loc":{"start":{"line":3,"column":49},"end":{"line":3,"column":64}},"type":"default-arg","locations":[{"start":{"line":3,"column":56},"end":{"line":3,"column":64}}],"line":3}},"s":{"0":1,"1":94},"f":{"0":94},"b":{"0":[0],"1":[0]},"_coverageSchema":"1a1c01bbd47fc00a2c39e90264f33305004495a9","hash":"beacc4b54405a6bdd8438441ef4caebda58bf28d"}
,"C:\\Users\\alish\\OneDrive\\Desktop\\10Pearls\\sheryar-mern-10pshine\\frontend\\src\\components\\UI\\Index.js": {"path":"C:\\Users\\alish\\OneDrive\\Desktop\\10Pearls\\sheryar-mern-10pshine\\frontend\\src\\components\\UI\\Index.js","statementMap":{},"fnMap":{},"branchMap":{},"s":{},"f":{},"b":{}}
,"C:\\Users\\alish\\OneDrive\\Desktop\\10Pearls\\sheryar-mern-10pshine\\frontend\\src\\components\\UI\\Input.jsx": {"path":"C:\\Users\\alish\\OneDrive\\Desktop\\10Pearls\\sheryar-mern-10pshine\\frontend\\src\\components\\UI\\Input.jsx","statementMap":{"0":{"start":{"line":5,"column":14},"end":{"line":51,"column":1}},"1":{"start":{"line":15,"column":42},"end":{"line":15,"column":57}},"2":{"start":{"line":16,"column":21},"end":{"line":16,"column":40}},"3":{"start":{"line":18,"column":23},"end":{"line":22,"column":3}},"4":{"start":{"line":19,"column":4},"end":{"line":21,"column":5}},"5":{"start":{"line":20,"column":6},"end":{"line":20,"column":18}},"6":{"start":{"line":24,"column":2},"end":{"line":50,"column":4}},"7":{"start":{"line":42,"column":27},"end":{"line":42,"column":57}}},"fnMap":{"0":{"name":"(anonymous_0)","decl":{"start":{"line":5,"column":14},"end":{"line":5,"column":15}},"loc":{"start":{"line":14,"column":6},"end":{"line":51,"column":1}},"line":14},"1":{"name":"(anonymous_1)","decl":{"start":{"line":18,"column":23},"end":{"line":18,"column":24}},"loc":{"start":{"line":18,"column":30},"end":{"line":22,"column":3}},"line":18},"2":{"name":"(anonymous_2)","decl":{"start":{"line":42,"column":21},"end":{"line":42,"column":22}},"loc":{"start":{"line":42,"column":27},"end":{"line":42,"column":57}},"line":42}},"branchMap":{"0":{"loc":{"start":{"line":7,"column":2},"end":{"line":7,"column":15}},"type":"default-arg","locations":[{"start":{"line":7,"column":9},"end":{"line":7,"column":15}}],"line":7},"1":{"loc":{"start":{"line":11,"column":2},"end":{"line":11,"column":18}},"type":"default-arg","locations":[{"start":{"line":11,"column":13},"end":{"line":11,"column":18}}],"line":11},"2":{"loc":{"start":{"line":19,"column":4},"end":{"line":21,"column":5}},"type":"if","locations":[{"start":{"line":19,"column":4},"end":{"line":21,"column":5}},{"start":{},"end":{}}],"line":19},"3":{"loc":{"start":{"line":31,"column":16},"end":{"line":31,"column":58}},"type":"cond-expr","locations":[{"start":{"line":31,"column":45},"end":{"line":31,"column":51}},{"start":{"line":31,"column":54},"end":{"line":31,"column":58}}],"line":31},"4":{"loc":{"start":{"line":31,"column":16},"end":{"line":31,"column":42}},"type":"binary-expr","locations":[{"start":{"line":31,"column":16},"end":{"line":31,"column":26}},{"start":{"line":31,"column":30},"end":{"line":31,"column":42}}],"line":31},"5":{"loc":{"start":{"line":32,"column":17},"end":{"line":32,"column":28}},"type":"binary-expr","locations":[{"start":{"line":32,"column":17},"end":{"line":32,"column":22}},{"start":{"line":32,"column":26},"end":{"line":32,"column":28}}],"line":32},"6":{"loc":{"start":{"line":36,"column":40},"end":{"line":36,"column":70}},"type":"cond-expr","locations":[{"start":{"line":36,"column":48},"end":{"line":36,"column":65}},{"start":{"line":36,"column":68},"end":{"line":36,"column":70}}],"line":36},"7":{"loc":{"start":{"line":38,"column":9},"end":{"line":46,"column":9}},"type":"binary-expr","locations":[{"start":{"line":38,"column":9},"end":{"line":38,"column":19}},{"start":{"line":39,"column":10},"end":{"line":45,"column":19}}],"line":38},"8":{"loc":{"start":{"line":44,"column":13},"end":{"line":44,"column":68}},"type":"cond-expr","locations":[{"start":{"line":44,"column":28},"end":{"line":44,"column":48}},{"start":{"line":44,"column":51},"end":{"line":44,"column":68}}],"line":44},"9":{"loc":{"start":{"line":48,"column":7},"end":{"line":48,"column":65}},"type":"binary-expr","locations":[{"start":{"line":48,"column":7},"end":{"line":48,"column":12}},{"start":{"line":48,"column":16},"end":{"line":48,"column":65}}],"line":48}},"s":{"0":1,"1":200,"2":200,"3":200,"4":78,"5":78,"6":200,"7":0},"f":{"0":200,"1":78,"2":0},"b":{"0":[0],"1":[0],"2":[78,0],"3":[0,200],"4":[200,100],"5":[200,89],"6":[1,199],"7":[200,100],"8":[0,100],"9":[200,1]},"_coverageSchema":"1a1c01bbd47fc00a2c39e90264f33305004495a9","hash":"cbe5933483fb901fcf7e8204ca230d32d30e999c"}
}
