TN:
SF:src\App.jsx
FN:8,App
FN:10,(anonymous_1)
FN:16,(anonymous_2)
FN:21,(anonymous_3)
FN:29,(anonymous_4)
FN:34,(anonymous_5)
FN:40,(anonymous_6)
FN:45,(anonymous_7)
FN:50,(anonymous_8)
FN:56,(anonymous_9)
FN:64,(anonymous_10)
FN:67,(anonymous_11)
FN:76,(anonymous_12)
FNF:13
FNH:0
FNDA:0,App
FNDA:0,(anonymous_1)
FNDA:0,(anonymous_2)
FNDA:0,(anonymous_3)
FNDA:0,(anonymous_4)
FNDA:0,(anonymous_5)
FNDA:0,(anonymous_6)
FNDA:0,(anonymous_7)
FNDA:0,(anonymous_8)
FNDA:0,(anonymous_9)
FNDA:0,(anonymous_10)
FNDA:0,(anonymous_11)
FNDA:0,(anonymous_12)
DA:9,0
DA:10,0
DA:11,0
DA:13,0
DA:14,0
DA:16,0
DA:17,0
DA:18,0
DA:21,0
DA:22,0
DA:23,0
DA:25,0
DA:29,0
DA:30,0
DA:31,0
DA:34,0
DA:35,0
DA:36,0
DA:37,0
DA:40,0
DA:41,0
DA:42,0
DA:45,0
DA:46,0
DA:47,0
DA:50,0
DA:51,0
DA:52,0
DA:56,0
DA:57,0
DA:58,0
DA:61,0
DA:64,0
DA:67,0
DA:76,0
LF:35
LH:0
BRDA:11,0,0,0
BRDA:11,0,1,0
BRDA:13,1,0,0
BRDA:13,1,1,0
BRDA:22,2,0,0
BRDA:22,2,1,0
BRDA:63,3,0,0
BRDA:63,3,1,0
BRDA:66,4,0,0
BRDA:66,4,1,0
BRDA:69,5,0,0
BRDA:69,5,1,0
BRDA:76,6,0,0
BRDA:76,6,1,0
BRDA:79,7,0,0
BRDA:79,7,1,0
BRF:16
BRH:0
end_of_record
TN:
SF:src\components\Dashboard.jsx
FN:6,(anonymous_0)
FN:13,(anonymous_1)
FN:17,(anonymous_2)
FN:21,(anonymous_3)
FN:29,(anonymous_4)
FN:44,(anonymous_5)
FN:52,(anonymous_6)
FN:59,(anonymous_7)
FN:144,(anonymous_8)
FN:173,(anonymous_9)
FN:177,(anonymous_10)
FN:184,(anonymous_11)
FN:194,(anonymous_12)
FNF:13
FNH:8
FNDA:105,(anonymous_0)
FNDA:13,(anonymous_1)
FNDA:56,(anonymous_2)
FNDA:62,(anonymous_3)
FNDA:13,(anonymous_4)
FNDA:0,(anonymous_5)
FNDA:0,(anonymous_6)
FNDA:150,(anonymous_7)
FNDA:32,(anonymous_8)
FNDA:150,(anonymous_9)
FNDA:0,(anonymous_10)
FNDA:0,(anonymous_11)
FNDA:0,(anonymous_12)
DA:6,1
DA:7,105
DA:8,105
DA:9,105
DA:10,105
DA:11,105
DA:13,105
DA:14,13
DA:17,105
DA:18,56
DA:19,25
DA:21,31
DA:22,62
DA:25,31
DA:29,105
DA:30,13
DA:31,13
DA:34,11
DA:35,11
DA:37,1
DA:38,1
DA:40,12
DA:44,105
DA:45,0
DA:46,0
DA:48,0
DA:49,0
DA:52,0
DA:54,0
DA:55,0
DA:59,105
DA:60,150
DA:61,150
DA:68,105
DA:69,26
DA:79,79
DA:80,1
DA:89,78
DA:144,32
DA:174,150
DA:177,0
DA:185,0
DA:186,0
DA:194,0
LF:44
LH:33
BRDA:18,0,0,25
BRDA:18,0,1,31
BRDA:22,1,0,62
BRDA:22,1,1,20
BRDA:46,2,0,0
BRDA:46,2,1,0
BRDA:68,3,0,26
BRDA:68,3,1,79
BRDA:79,4,0,1
BRDA:79,4,1,78
BRDA:104,5,0,78
BRDA:104,5,1,0
BRDA:106,6,0,78
BRDA:106,6,1,0
BRDA:137,7,0,78
BRDA:137,7,1,77
BRDA:151,8,0,1
BRDA:151,8,1,77
BRDA:157,9,0,0
BRDA:157,9,1,1
BRDA:160,10,0,0
BRDA:160,10,1,1
BRDA:164,11,0,1
BRDA:164,11,1,1
BRF:24
BRH:18
end_of_record
TN:
SF:src\components\NoteEditor.jsx
FN:6,(anonymous_0)
FN:13,(anonymous_1)
FN:17,(anonymous_2)
FN:46,(anonymous_3)
FN:104,(anonymous_4)
FN:133,(anonymous_5)
FN:153,(anonymous_6)
FNF:7
FNH:4
FNDA:50,(anonymous_0)
FNDA:30,(anonymous_1)
FNDA:0,(anonymous_2)
FNDA:16,(anonymous_3)
FNDA:0,(anonymous_4)
FNDA:16,(anonymous_5)
FNDA:0,(anonymous_6)
DA:6,1
DA:7,50
DA:8,50
DA:9,50
DA:10,50
DA:11,50
DA:13,50
DA:14,30
DA:17,50
DA:18,0
DA:19,0
DA:20,0
DA:23,0
DA:24,0
DA:25,0
DA:26,0
DA:28,0
DA:33,0
DA:37,0
DA:39,0
DA:40,0
DA:42,0
DA:46,50
DA:48,16
DA:49,0
DA:50,0
DA:54,50
DA:104,0
DA:133,16
DA:153,0
LF:30
LH:13
BRDA:7,0,0,50
BRDA:7,0,1,42
BRDA:8,1,0,50
BRDA:8,1,1,42
BRDA:9,2,0,50
BRDA:9,2,1,42
BRDA:18,3,0,0
BRDA:18,3,1,0
BRDA:18,4,0,0
BRDA:18,4,1,0
BRDA:26,5,0,0
BRDA:26,5,1,0
BRDA:48,6,0,0
BRDA:48,6,1,16
BRDA:48,7,0,16
BRDA:48,7,1,16
BRDA:48,7,2,0
BRDA:69,8,0,0
BRDA:69,8,1,50
BRDA:92,9,0,8
BRDA:92,9,1,42
BRDA:95,10,0,8
BRDA:95,10,1,42
BRDA:142,11,0,50
BRDA:142,11,1,8
BRDA:145,12,0,8
BRDA:145,12,1,8
BRDA:171,13,0,0
BRDA:171,13,1,50
BRF:29
BRH:19
end_of_record
TN:
SF:src\components\Auth\AuthForm.jsx
FN:8,(anonymous_0)
FN:19,(anonymous_1)
FN:21,(anonymous_2)
FN:26,(anonymous_3)
FN:33,(anonymous_4)
FN:60,(anonymous_5)
FNF:6
FNH:5
FNDA:94,(anonymous_0)
FNDA:79,(anonymous_1)
FNDA:79,(anonymous_2)
FNDA:0,(anonymous_3)
FNDA:3,(anonymous_4)
FNDA:3,(anonymous_5)
DA:8,1
DA:9,94
DA:17,94
DA:19,94
DA:20,79
DA:21,79
DA:25,79
DA:26,0
DA:33,94
DA:34,3
DA:36,3
DA:37,0
DA:40,3
DA:41,0
DA:42,3
DA:43,0
DA:46,3
DA:47,0
DA:48,3
DA:49,1
DA:52,3
DA:53,0
DA:56,3
DA:57,3
DA:60,94
DA:61,3
DA:62,3
DA:63,2
DA:64,2
DA:65,2
DA:66,2
DA:67,1
DA:68,1
DA:70,0
DA:73,1
DA:78,94
LF:36
LH:29
BRDA:8,0,0,94
BRDA:25,1,0,0
BRDA:25,1,1,79
BRDA:36,2,0,0
BRDA:36,2,1,3
BRDA:36,3,0,3
BRDA:36,3,1,0
BRDA:40,4,0,0
BRDA:40,4,1,3
BRDA:42,5,0,0
BRDA:42,5,1,3
BRDA:46,6,0,0
BRDA:46,6,1,3
BRDA:48,7,0,1
BRDA:48,7,1,2
BRDA:52,8,0,0
BRDA:52,8,1,3
BRDA:52,9,0,3
BRDA:52,9,1,0
BRDA:62,10,0,2
BRDA:62,10,1,1
BRDA:64,11,0,2
BRDA:64,11,1,0
BRDA:65,12,0,2
BRDA:65,12,1,0
BRDA:67,13,0,1
BRDA:67,13,1,0
BRDA:70,14,0,0
BRDA:70,14,1,0
BRDA:73,15,0,1
BRDA:73,15,1,0
BRDA:85,16,0,88
BRDA:85,16,1,6
BRDA:87,17,0,88
BRDA:87,17,1,6
BRDA:106,18,0,94
BRDA:106,18,1,6
BRDA:141,19,0,94
BRDA:141,19,1,6
BRDA:154,20,0,94
BRDA:154,20,1,88
BRDA:161,21,0,0
BRDA:161,21,1,94
BRDA:161,22,0,88
BRDA:161,22,1,6
BRDA:167,23,0,88
BRDA:167,23,1,6
BRDA:173,24,0,88
BRDA:173,24,1,6
BRF:49
BRH:34
end_of_record
TN:
SF:src\components\Auth\AuthPage.jsx
FN:6,(anonymous_0)
FN:9,(anonymous_1)
FN:12,(anonymous_2)
FNF:3
FNH:0
FNDA:0,(anonymous_0)
FNDA:0,(anonymous_1)
FNDA:0,(anonymous_2)
DA:6,0
DA:7,0
DA:9,0
DA:10,0
DA:11,0
DA:12,0
DA:14,0
DA:16,0
DA:20,0
LF:9
LH:0
BRDA:6,0,0,0
BRF:1
BRH:0
end_of_record
TN:
SF:src\components\Auth\index.js
FNF:0
FNH:0
LF:0
LH:0
BRF:0
BRH:0
end_of_record
TN:
SF:src\components\UI\Button.jsx
FN:3,(anonymous_0)
FNF:1
FNH:1
FNDA:94,(anonymous_0)
DA:3,1
DA:4,94
LF:2
LH:2
BRDA:3,0,0,0
BRDA:3,1,0,0
BRF:2
BRH:0
end_of_record
TN:
SF:src\components\UI\Index.js
FNF:0
FNH:0
LF:0
LH:0
BRF:0
BRH:0
end_of_record
TN:
SF:src\components\UI\Input.jsx
FN:5,(anonymous_0)
FN:18,(anonymous_1)
FN:42,(anonymous_2)
FNF:3
FNH:2
FNDA:200,(anonymous_0)
FNDA:78,(anonymous_1)
FNDA:0,(anonymous_2)
DA:5,1
DA:15,200
DA:16,200
DA:18,200
DA:19,78
DA:20,78
DA:24,200
DA:42,0
LF:8
LH:7
BRDA:7,0,0,0
BRDA:11,1,0,0
BRDA:19,2,0,78
BRDA:19,2,1,0
BRDA:31,3,0,0
BRDA:31,3,1,200
BRDA:31,4,0,200
BRDA:31,4,1,100
BRDA:32,5,0,200
BRDA:32,5,1,89
BRDA:36,6,0,1
BRDA:36,6,1,199
BRDA:38,7,0,200
BRDA:38,7,1,100
BRDA:44,8,0,0
BRDA:44,8,1,100
BRDA:48,9,0,200
BRDA:48,9,1,1
BRF:18
BRH:13
end_of_record
